ðŸ”§ Emscripten not found in PATH, attempting to source emsdk_env.sh...
Setting up EMSDK environment (suppress these messages with EMSDK_QUIET=1)
Adding directories to PATH:
PATH += /home/chase/emsdk
PATH += /home/chase/emsdk/upstream/emscripten
PATH += /home/chase/emsdk/node/22.16.0_64bit/bin

Setting environment variables:
PATH = /home/chase/emsdk:/home/chase/emsdk/upstream/emscripten:/home/chase/emsdk/node/22.16.0_64bit/bin:/home/chase/.cargo/bin:/usr/local/sbin:/usr/local/bin:/usr/sbin:/usr/bin:/sbin:/bin:/usr/games:/usr/local/games:/snap/bin
EMSDK = /home/chase/emsdk
EMSDK_NODE = /home/chase/emsdk/node/22.16.0_64bit/bin/node
âœ… Emscripten environment sourced from /home/chase/emsdk/emsdk_env.sh
ðŸ”¨ Building WebAssembly...
emcmake: cmake -DCMAKE_EXPORT_COMPILE_COMMANDS=ON .. -DCMAKE_TOOLCHAIN_FILE=/home/chase/emsdk/upstream/emscripten/cmake/Modules/Platform/Emscripten.cmake -DCMAKE_CROSSCOMPILING_EMULATOR=/home/chase/emsdk/node/22.16.0_64bit/bin/node in directory /home/chase/devel/BallisticsToolkit/build-wasm
-- Configuring done (0.5s)
-- Generating done (0.0s)
-- Build files have been written to: /home/chase/devel/BallisticsToolkit/build-wasm
emmake: "make -j8" in "/home/chase/devel/BallisticsToolkit/build-wasm"
[ 18%] Building CXX object CMakeFiles/ballistics_toolkit_wasm.dir/src/ballistics/simulator.cpp.o
[ 18%] Building CXX object CMakeFiles/ballistics_toolkit_wasm.dir/src/ballistics/trajectory.cpp.o
[ 36%] Building CXX object CMakeFiles/ballistics_toolkit_wasm.dir/src/bindings.cpp.o
[ 36%] Building CXX object CMakeFiles/ballistics_toolkit_wasm.dir/src/match/nra_targets.cpp.o
[ 45%] Building CXX object CMakeFiles/ballistics_toolkit_wasm.dir/src/match/simulator.cpp.o
[ 54%] Building CXX object CMakeFiles/ballistics_toolkit_wasm.dir/src/match/match.cpp.o
[ 72%] Building CXX object CMakeFiles/ballistics_toolkit_wasm.dir/src/match/target.cpp.o
[ 72%] Building CXX object CMakeFiles/ballistics_toolkit_wasm.dir/src/physics/atmosphere.cpp.o
/home/chase/devel/BallisticsToolkit/src/ballistics/simulator.cpp:14:103: error: invalid suffix 'fe-09' on floating constant
   14 |   constexpr std::array<std::tuple<float, float, float>, 9> G7_DRAG_DATA = {{{4200.0f, 1.29081656775919fe-09, 3.24121295355962f},
      |                                                                                                       ^
/home/chase/devel/BallisticsToolkit/src/ballistics/simulator.cpp:16:106: error: invalid suffix 'fe-03' on floating constant
   16 |                                                                                {1470.0f, 2.33355948302505fe-03, 1.52693913274526f},
      |                                                                                                          ^
/home/chase/devel/BallisticsToolkit/src/ballistics/simulator.cpp:17:106: error: invalid suffix 'fe-04' on floating constant
   17 |                                                                                {1260.0f, 7.97592111627665fe-04, 1.67688974440324f},
      |                                                                                                          ^
/home/chase/devel/BallisticsToolkit/src/ballistics/simulator.cpp:18:106: error: invalid suffix 'fe-12' on floating constant
   18 |                                                                                {1110.0f, 5.71086414289273fe-12, 4.3212826264889f},
      |                                                                                                          ^
/home/chase/devel/BallisticsToolkit/src/ballistics/simulator.cpp:19:105: error: invalid suffix 'fe-17' on floating constant
   19 |                                                                                {960.0f, 3.02865108244904fe-17, 5.99074203776707f},
      |                                                                                                         ^
/home/chase/devel/BallisticsToolkit/src/ballistics/simulator.cpp:20:105: error: invalid suffix 'fe-06' on floating constant
   20 |                                                                                {670.0f, 7.52285155782565fe-06, 2.1738019851075f},
      |                                                                                                         ^
/home/chase/devel/BallisticsToolkit/src/ballistics/simulator.cpp:21:105: error: invalid suffix 'fe-05' on floating constant
   21 |                                                                                {540.0f, 1.31766281225189fe-05, 2.08774690257991f},
      |                                                                                                         ^
/home/chase/devel/BallisticsToolkit/src/ballistics/simulator.cpp:22:103: error: invalid suffix 'fe-05' on floating constant
   22 |                                                                                {0.0f, 1.34504843776525fe-05, 2.08702306738884f}}};
      |                                                                                                       ^
/home/chase/devel/BallisticsToolkit/src/ballistics/simulator.cpp:26:33: error: invalid suffix 'fe-04' on floating constant
   26 |     {{4230.0f, 1.477404177730177fe-04, 1.9565f}, {3680.0f, 1.920339268755614fe-04, 1.925f}, {3450.0f, 2.894751026819746fe-04, 1.875f}, {3295.0f, 4.349905111115636fe-04, 1.825f},
      |                                 ^
/home/chase/devel/BallisticsToolkit/src/ballistics/simulator.cpp:26:77: error: invalid suffix 'fe-04' on floating constant
   26 |     {{4230.0f, 1.477404177730177fe-04, 1.9565f}, {3680.0f, 1.920339268755614fe-04, 1.925f}, {3450.0f, 2.894751026819746fe-04, 1.875f}, {3295.0f, 4.349905111115636fe-04, 1.825f},
      |                                                                             ^
/home/chase/devel/BallisticsToolkit/src/ballistics/simulator.cpp:26:120: error: invalid suffix 'fe-04' on floating constant
   26 |     {{4230.0f, 1.477404177730177fe-04, 1.9565f}, {3680.0f, 1.920339268755614fe-04, 1.925f}, {3450.0f, 2.894751026819746fe-04, 1.875f}, {3295.0f, 4.349905111115636fe-04, 1.825f},
      |                                                                                                                        ^
/home/chase/devel/BallisticsToolkit/src/ballistics/simulator.cpp:26:163: error: invalid suffix 'fe-04' on floating constant
   26 |     {{4230.0f, 1.477404177730177fe-04, 1.9565f}, {3680.0f, 1.920339268755614fe-04, 1.925f}, {3450.0f, 2.894751026819746fe-04, 1.875f}, {3295.0f, 4.349905111115636fe-04, 1.825f},
      |                                                                                                                                                                   ^
/home/chase/devel/BallisticsToolkit/src/ballistics/simulator.cpp:27:33: error: invalid suffix 'fe-04' on floating constant
   27 |      {3130.0f, 6.520421871892662fe-04, 1.775f},  {2960.0f, 9.748073694078696fe-04, 1.725f}, {2830.0f, 1.453721560187286fe-03, 1.675f}, {2680.0f, 2.162887202930376fe-03, 1.625f},
      |                                 ^
/home/chase/devel/BallisticsToolkit/src/ballistics/simulator.cpp:27:77: error: invalid suffix 'fe-04' on floating constant
   27 |      {3130.0f, 6.520421871892662fe-04, 1.775f},  {2960.0f, 9.748073694078696fe-04, 1.725f}, {2830.0f, 1.453721560187286fe-03, 1.675f}, {2680.0f, 2.162887202930376fe-03, 1.625f},
      |                                                                             ^
/home/chase/devel/BallisticsToolkit/src/ballistics/simulator.cpp:27:120: error: invalid suffix 'fe-03' on floating constant
   27 |      {3130.0f, 6.520421871892662fe-04, 1.775f},  {2960.0f, 9.748073694078696fe-04, 1.725f}, {2830.0f, 1.453721560187286fe-03, 1.675f}, {2680.0f, 2.162887202930376fe-03, 1.625f},
      |                                                                                                                        ^
/home/chase/devel/BallisticsToolkit/src/ballistics/simulator.cpp:27:163: error: invalid suffix 'fe-03' on floating constant
   27 |      {3130.0f, 6.520421871892662fe-04, 1.775f},  {2960.0f, 9.748073694078696fe-04, 1.725f}, {2830.0f, 1.453721560187286fe-03, 1.675f}, {2680.0f, 2.162887202930376fe-03, 1.625f},
      |                                                                                                                                                                   ^
/home/chase/devel/BallisticsToolkit/src/ballistics/simulator.cpp:28:33: error: invalid suffix 'fe-03' on floating constant
   28 |      {2460.0f, 3.209559783129881fe-03, 1.575f},  {2225.0f, 3.904368218691249fe-03, 1.55f},  {2015.0f, 3.222942271262336fe-03, 1.575f}, {1890.0f, 2.203329542297809fe-03, 1.625f},
      |                                 ^
/home/chase/devel/BallisticsToolkit/src/ballistics/simulator.cpp:28:77: error: invalid suffix 'fe-03' on floating constant
   28 |      {2460.0f, 3.209559783129881fe-03, 1.575f},  {2225.0f, 3.904368218691249fe-03, 1.55f},  {2015.0f, 3.222942271262336fe-03, 1.575f}, {1890.0f, 2.203329542297809fe-03, 1.625f},
      |                                                                             ^
/home/chase/devel/BallisticsToolkit/src/ballistics/simulator.cpp:28:120: error: invalid suffix 'fe-03' on floating constant
   28 |      {2460.0f, 3.209559783129881fe-03, 1.575f},  {2225.0f, 3.904368218691249fe-03, 1.55f},  {2015.0f, 3.222942271262336fe-03, 1.575f}, {1890.0f, 2.203329542297809fe-03, 1.625f},
      |                                                                                                                        ^
fatal error: too many errors emitted, stopping now [-ferror-limit=]
20 errors generated.
make[2]: *** [CMakeFiles/ballistics_toolkit_wasm.dir/build.make:77: CMakeFiles/ballistics_toolkit_wasm.dir/src/ballistics/simulator.cpp.o] Error 1
make[2]: *** Waiting for unfinished jobs....
/home/chase/devel/BallisticsToolkit/src/bindings.cpp:253:25: error: no matching function for call to 'select_overload'
  253 |     .function("sample", select_overload<Vector3D(double, double) const>(&WindGenerator::operator()))
      |                         ^~~~~~~~~~~~~~~~~~~~~~~~~~~~~~~~~~~~~~~~~~~~~~~
/home/chase/emsdk/upstream/emscripten/cache/sysroot/include/emscripten/bind.h:287:12: note: candidate template ignored: substitution failure [with Signature = Vector3D (double, double) const]: pointer to function type 'Vector3D (double, double) const' cannot have 'const' qualifier
  287 | Signature* select_overload(Signature* fn) {
      | ~~~~~~~~~  ^
/home/chase/emsdk/upstream/emscripten/cache/sysroot/include/emscripten/bind.h:292:6: note: candidate template ignored: could not match 'double' against 'float'
  292 | auto select_overload(Signature (ClassType::*fn)) -> decltype(fn) {
      |      ^
1 error generated.
make[2]: *** [CMakeFiles/ballistics_toolkit_wasm.dir/build.make:107: CMakeFiles/ballistics_toolkit_wasm.dir/src/bindings.cpp.o] Error 1
make[1]: *** [CMakeFiles/Makefile2:85: CMakeFiles/ballistics_toolkit_wasm.dir/all] Error 2
make: *** [Makefile:91: all] Error 2
emmake: error: 'make -j8' failed (returned 2)
